
Warning: require(/opt/bitnami/lampstack-5.6.14-0/apps/relback/bootstrap/../vendor/autoload.php): failed to open stream: No such file or directory in /opt/bitnami/lampstack-5.6.14-0/apps/relback/bootstrap/autoload.php on line 17

Fatal error: require(): Failed opening required '/opt/bitnami/lampstack-5.6.14-0/apps/relback/bootstrap/../vendor/autoload.php' (include_path='.:/opt/bitnami/lampstack-5.6.14-0/php/lib/php:/opt/bitnami/lampstack-5.6.14-0/frameworks/smarty/libs') in /opt/bitnami/lampstack-5.6.14-0/apps/relback/bootstrap/autoload.php on line 17

Warning: require(/opt/bitnami/lampstack-5.6.14-0/apps/relback/bootstrap/../vendor/autoload.php): failed to open stream: No such file or directory in /opt/bitnami/lampstack-5.6.14-0/apps/relback/bootstrap/autoload.php on line 17

Fatal error: require(): Failed opening required '/opt/bitnami/lampstack-5.6.14-0/apps/relback/bootstrap/../vendor/autoload.php' (include_path='.:/opt/bitnami/lampstack-5.6.14-0/php/lib/php:/opt/bitnami/lampstack-5.6.14-0/frameworks/smarty/libs') in /opt/bitnami/lampstack-5.6.14-0/apps/relback/bootstrap/autoload.php on line 17

Warning: require(/opt/bitnami/lampstack-5.6.14-0/apps/relback/bootstrap/../vendor/autoload.php): failed to open stream: No such file or directory in /opt/bitnami/lampstack-5.6.14-0/apps/relback/bootstrap/autoload.php on line 17

Fatal error: require(): Failed opening required '/opt/bitnami/lampstack-5.6.14-0/apps/relback/bootstrap/../vendor/autoload.php' (include_path='.:/opt/bitnami/lampstack-5.6.14-0/php/lib/php:/opt/bitnami/lampstack-5.6.14-0/frameworks/smarty/libs') in /opt/bitnami/lampstack-5.6.14-0/apps/relback/bootstrap/autoload.php on line 17

Warning: require(/opt/bitnami/lampstack-5.6.14-0/apps/relback/bootstrap/../vendor/autoload.php): failed to open stream: No such file or directory in /opt/bitnami/lampstack-5.6.14-0/apps/relback/bootstrap/autoload.php on line 17

Fatal error: require(): Failed opening required '/opt/bitnami/lampstack-5.6.14-0/apps/relback/bootstrap/../vendor/autoload.php' (include_path='.:/opt/bitnami/lampstack-5.6.14-0/php/lib/php:/opt/bitnami/lampstack-5.6.14-0/frameworks/smarty/libs') in /opt/bitnami/lampstack-5.6.14-0/apps/relback/bootstrap/autoload.php on line 17

Warning: require(/opt/bitnami/lampstack-5.6.14-0/apps/relback/bootstrap/../vendor/autoload.php): failed to open stream: No such file or directory in /opt/bitnami/lampstack-5.6.14-0/apps/relback/bootstrap/autoload.php on line 17

Fatal error: require(): Failed opening required '/opt/bitnami/lampstack-5.6.14-0/apps/relback/bootstrap/../vendor/autoload.php' (include_path='.:/opt/bitnami/lampstack-5.6.14-0/php/lib/php:/opt/bitnami/lampstack-5.6.14-0/frameworks/smarty/libs') in /opt/bitnami/lampstack-5.6.14-0/apps/relback/bootstrap/autoload.php on line 17
No scheduled commands are ready to run.
No scheduled commands are ready to run.
No scheduled commands are ready to run.
No scheduled commands are ready to run.
No scheduled commands are ready to run.

Fatal error: Uncaught exception 'ReflectionException' with message 'Class App\Console\Kernel does not exist' in /opt/bitnami/lampstack-5.6.14-0/apps/relback/vendor/laravel/framework/src/Illuminate/Container/Container.php:721
Stack trace:
#0 /opt/bitnami/lampstack-5.6.14-0/apps/relback/vendor/laravel/framework/src/Illuminate/Container/Container.php(721): ReflectionClass->__construct('App\\Console\\Ker...')
#1 /opt/bitnami/lampstack-5.6.14-0/apps/relback/vendor/laravel/framework/src/Illuminate/Container/Container.php(600): Illuminate\Container\Container->build('App\\Console\\Ker...')
#2 /opt/bitnami/lampstack-5.6.14-0/apps/relback/vendor/laravel/framework/src/Illuminate/Container/Container.php(567): Illuminate\Container\Container->resolve('App\\Console\\Ker...')
#3 /opt/bitnami/lampstack-5.6.14-0/apps/relback/vendor/laravel/framework/src/Illuminate/Foundation/Application.php(708): Illuminate\Container\Container->make('App\\Console\\Ker...')
#4 /opt/bitnami/lampstack-5.6.14-0/apps/relback/vendor/laravel/framework/src/Illumin in /opt/bitnami/lampstack-5.6.14-0/apps/relback/vendor/laravel/framework/src/Illuminate/Container/Container.php on line 721

Fatal error: Uncaught exception 'ReflectionException' with message 'Class App\Console\Kernel does not exist' in /opt/bitnami/lampstack-5.6.14-0/apps/relback/vendor/laravel/framework/src/Illuminate/Container/Container.php:721
Stack trace:
#0 /opt/bitnami/lampstack-5.6.14-0/apps/relback/vendor/laravel/framework/src/Illuminate/Container/Container.php(721): ReflectionClass->__construct('App\\Console\\Ker...')
#1 /opt/bitnami/lampstack-5.6.14-0/apps/relback/vendor/laravel/framework/src/Illuminate/Container/Container.php(600): Illuminate\Container\Container->build('App\\Console\\Ker...')
#2 /opt/bitnami/lampstack-5.6.14-0/apps/relback/vendor/laravel/framework/src/Illuminate/Container/Container.php(567): Illuminate\Container\Container->resolve('App\\Console\\Ker...')
#3 /opt/bitnami/lampstack-5.6.14-0/apps/relback/vendor/laravel/framework/src/Illuminate/Foundation/Application.php(708): Illuminate\Container\Container->make('App\\Console\\Ker...')
#4 /opt/bitnami/lampstack-5.6.14-0/apps/relback/vendor/laravel/framework/src/Illumin in /opt/bitnami/lampstack-5.6.14-0/apps/relback/vendor/laravel/framework/src/Illuminate/Container/Container.php on line 721

Fatal error: Uncaught exception 'ReflectionException' with message 'Class App\Console\Kernel does not exist' in /opt/bitnami/lampstack-5.6.14-0/apps/relback/vendor/laravel/framework/src/Illuminate/Container/Container.php:721
Stack trace:
#0 /opt/bitnami/lampstack-5.6.14-0/apps/relback/vendor/laravel/framework/src/Illuminate/Container/Container.php(721): ReflectionClass->__construct('App\\Console\\Ker...')
#1 /opt/bitnami/lampstack-5.6.14-0/apps/relback/vendor/laravel/framework/src/Illuminate/Container/Container.php(600): Illuminate\Container\Container->build('App\\Console\\Ker...')
#2 /opt/bitnami/lampstack-5.6.14-0/apps/relback/vendor/laravel/framework/src/Illuminate/Container/Container.php(567): Illuminate\Container\Container->resolve('App\\Console\\Ker...')
#3 /opt/bitnami/lampstack-5.6.14-0/apps/relback/vendor/laravel/framework/src/Illuminate/Foundation/Application.php(708): Illuminate\Container\Container->make('App\\Console\\Ker...')
#4 /opt/bitnami/lampstack-5.6.14-0/apps/relback/vendor/laravel/framework/src/Illumin in /opt/bitnami/lampstack-5.6.14-0/apps/relback/vendor/laravel/framework/src/Illuminate/Container/Container.php on line 721

Fatal error: Uncaught exception 'ReflectionException' with message 'Class App\Console\Kernel does not exist' in /opt/bitnami/lampstack-5.6.14-0/apps/relback/vendor/laravel/framework/src/Illuminate/Container/Container.php:721
Stack trace:
#0 /opt/bitnami/lampstack-5.6.14-0/apps/relback/vendor/laravel/framework/src/Illuminate/Container/Container.php(721): ReflectionClass->__construct('App\\Console\\Ker...')
#1 /opt/bitnami/lampstack-5.6.14-0/apps/relback/vendor/laravel/framework/src/Illuminate/Container/Container.php(600): Illuminate\Container\Container->build('App\\Console\\Ker...')
#2 /opt/bitnami/lampstack-5.6.14-0/apps/relback/vendor/laravel/framework/src/Illuminate/Container/Container.php(567): Illuminate\Container\Container->resolve('App\\Console\\Ker...')
#3 /opt/bitnami/lampstack-5.6.14-0/apps/relback/vendor/laravel/framework/src/Illuminate/Foundation/Application.php(708): Illuminate\Container\Container->make('App\\Console\\Ker...')
#4 /opt/bitnami/lampstack-5.6.14-0/apps/relback/vendor/laravel/framework/src/Illumin in /opt/bitnami/lampstack-5.6.14-0/apps/relback/vendor/laravel/framework/src/Illuminate/Container/Container.php on line 721

Fatal error: Uncaught exception 'ReflectionException' with message 'Class App\Console\Kernel does not exist' in /opt/bitnami/lampstack-5.6.14-0/apps/relback/vendor/laravel/framework/src/Illuminate/Container/Container.php:721
Stack trace:
#0 /opt/bitnami/lampstack-5.6.14-0/apps/relback/vendor/laravel/framework/src/Illuminate/Container/Container.php(721): ReflectionClass->__construct('App\\Console\\Ker...')
#1 /opt/bitnami/lampstack-5.6.14-0/apps/relback/vendor/laravel/framework/src/Illuminate/Container/Container.php(600): Illuminate\Container\Container->build('App\\Console\\Ker...')
#2 /opt/bitnami/lampstack-5.6.14-0/apps/relback/vendor/laravel/framework/src/Illuminate/Container/Container.php(567): Illuminate\Container\Container->resolve('App\\Console\\Ker...')
#3 /opt/bitnami/lampstack-5.6.14-0/apps/relback/vendor/laravel/framework/src/Illuminate/Foundation/Application.php(708): Illuminate\Container\Container->make('App\\Console\\Ker...')
#4 /opt/bitnami/lampstack-5.6.14-0/apps/relback/vendor/laravel/framework/src/Illumin in /opt/bitnami/lampstack-5.6.14-0/apps/relback/vendor/laravel/framework/src/Illuminate/Container/Container.php on line 721

Fatal error: Uncaught exception 'ReflectionException' with message 'Class App\Console\Kernel does not exist' in /opt/bitnami/lampstack-5.6.14-0/apps/relback/vendor/laravel/framework/src/Illuminate/Container/Container.php:721
Stack trace:
#0 /opt/bitnami/lampstack-5.6.14-0/apps/relback/vendor/laravel/framework/src/Illuminate/Container/Container.php(721): ReflectionClass->__construct('App\\Console\\Ker...')
#1 /opt/bitnami/lampstack-5.6.14-0/apps/relback/vendor/laravel/framework/src/Illuminate/Container/Container.php(600): Illuminate\Container\Container->build('App\\Console\\Ker...')
#2 /opt/bitnami/lampstack-5.6.14-0/apps/relback/vendor/laravel/framework/src/Illuminate/Container/Container.php(567): Illuminate\Container\Container->resolve('App\\Console\\Ker...')
#3 /opt/bitnami/lampstack-5.6.14-0/apps/relback/vendor/laravel/framework/src/Illuminate/Foundation/Application.php(708): Illuminate\Container\Container->make('App\\Console\\Ker...')
#4 /opt/bitnami/lampstack-5.6.14-0/apps/relback/vendor/laravel/framework/src/Illumin in /opt/bitnami/lampstack-5.6.14-0/apps/relback/vendor/laravel/framework/src/Illuminate/Container/Container.php on line 721

Fatal error: Uncaught exception 'ReflectionException' with message 'Class App\Console\Kernel does not exist' in /opt/bitnami/lampstack-5.6.14-0/apps/relback/vendor/laravel/framework/src/Illuminate/Container/Container.php:721
Stack trace:
#0 /opt/bitnami/lampstack-5.6.14-0/apps/relback/vendor/laravel/framework/src/Illuminate/Container/Container.php(721): ReflectionClass->__construct('App\\Console\\Ker...')
#1 /opt/bitnami/lampstack-5.6.14-0/apps/relback/vendor/laravel/framework/src/Illuminate/Container/Container.php(600): Illuminate\Container\Container->build('App\\Console\\Ker...')
#2 /opt/bitnami/lampstack-5.6.14-0/apps/relback/vendor/laravel/framework/src/Illuminate/Container/Container.php(567): Illuminate\Container\Container->resolve('App\\Console\\Ker...')
#3 /opt/bitnami/lampstack-5.6.14-0/apps/relback/vendor/laravel/framework/src/Illuminate/Foundation/Application.php(708): Illuminate\Container\Container->make('App\\Console\\Ker...')
#4 /opt/bitnami/lampstack-5.6.14-0/apps/relback/vendor/laravel/framework/src/Illumin in /opt/bitnami/lampstack-5.6.14-0/apps/relback/vendor/laravel/framework/src/Illuminate/Container/Container.php on line 721

Fatal error: Uncaught exception 'ReflectionException' with message 'Class App\Console\Kernel does not exist' in /opt/bitnami/lampstack-5.6.14-0/apps/relback/vendor/laravel/framework/src/Illuminate/Container/Container.php:721
Stack trace:
#0 /opt/bitnami/lampstack-5.6.14-0/apps/relback/vendor/laravel/framework/src/Illuminate/Container/Container.php(721): ReflectionClass->__construct('App\\Console\\Ker...')
#1 /opt/bitnami/lampstack-5.6.14-0/apps/relback/vendor/laravel/framework/src/Illuminate/Container/Container.php(600): Illuminate\Container\Container->build('App\\Console\\Ker...')
#2 /opt/bitnami/lampstack-5.6.14-0/apps/relback/vendor/laravel/framework/src/Illuminate/Container/Container.php(567): Illuminate\Container\Container->resolve('App\\Console\\Ker...')
#3 /opt/bitnami/lampstack-5.6.14-0/apps/relback/vendor/laravel/framework/src/Illuminate/Foundation/Application.php(708): Illuminate\Container\Container->make('App\\Console\\Ker...')
#4 /opt/bitnami/lampstack-5.6.14-0/apps/relback/vendor/laravel/framework/src/Illumin in /opt/bitnami/lampstack-5.6.14-0/apps/relback/vendor/laravel/framework/src/Illuminate/Container/Container.php on line 721

Fatal error: Uncaught exception 'ReflectionException' with message 'Class App\Console\Kernel does not exist' in /opt/bitnami/lampstack-5.6.14-0/apps/relback/vendor/laravel/framework/src/Illuminate/Container/Container.php:721
Stack trace:
#0 /opt/bitnami/lampstack-5.6.14-0/apps/relback/vendor/laravel/framework/src/Illuminate/Container/Container.php(721): ReflectionClass->__construct('App\\Console\\Ker...')
#1 /opt/bitnami/lampstack-5.6.14-0/apps/relback/vendor/laravel/framework/src/Illuminate/Container/Container.php(600): Illuminate\Container\Container->build('App\\Console\\Ker...')
#2 /opt/bitnami/lampstack-5.6.14-0/apps/relback/vendor/laravel/framework/src/Illuminate/Container/Container.php(567): Illuminate\Container\Container->resolve('App\\Console\\Ker...')
#3 /opt/bitnami/lampstack-5.6.14-0/apps/relback/vendor/laravel/framework/src/Illuminate/Foundation/Application.php(708): Illuminate\Container\Container->make('App\\Console\\Ker...')
#4 /opt/bitnami/lampstack-5.6.14-0/apps/relback/vendor/laravel/framework/src/Illumin in /opt/bitnami/lampstack-5.6.14-0/apps/relback/vendor/laravel/framework/src/Illuminate/Container/Container.php on line 721

Fatal error: Uncaught exception 'ReflectionException' with message 'Class App\Console\Kernel does not exist' in /opt/bitnami/lampstack-5.6.14-0/apps/relback/vendor/laravel/framework/src/Illuminate/Container/Container.php:721
Stack trace:
#0 /opt/bitnami/lampstack-5.6.14-0/apps/relback/vendor/laravel/framework/src/Illuminate/Container/Container.php(721): ReflectionClass->__construct('App\\Console\\Ker...')
#1 /opt/bitnami/lampstack-5.6.14-0/apps/relback/vendor/laravel/framework/src/Illuminate/Container/Container.php(600): Illuminate\Container\Container->build('App\\Console\\Ker...')
#2 /opt/bitnami/lampstack-5.6.14-0/apps/relback/vendor/laravel/framework/src/Illuminate/Container/Container.php(567): Illuminate\Container\Container->resolve('App\\Console\\Ker...')
#3 /opt/bitnami/lampstack-5.6.14-0/apps/relback/vendor/laravel/framework/src/Illuminate/Foundation/Application.php(708): Illuminate\Container\Container->make('App\\Console\\Ker...')
#4 /opt/bitnami/lampstack-5.6.14-0/apps/relback/vendor/laravel/framework/src/Illumin in /opt/bitnami/lampstack-5.6.14-0/apps/relback/vendor/laravel/framework/src/Illuminate/Container/Container.php on line 721

Fatal error: Uncaught exception 'ReflectionException' with message 'Class App\Console\Kernel does not exist' in /opt/bitnami/lampstack-5.6.14-0/apps/relback/vendor/laravel/framework/src/Illuminate/Container/Container.php:721
Stack trace:
#0 /opt/bitnami/lampstack-5.6.14-0/apps/relback/vendor/laravel/framework/src/Illuminate/Container/Container.php(721): ReflectionClass->__construct('App\\Console\\Ker...')
#1 /opt/bitnami/lampstack-5.6.14-0/apps/relback/vendor/laravel/framework/src/Illuminate/Container/Container.php(600): Illuminate\Container\Container->build('App\\Console\\Ker...')
#2 /opt/bitnami/lampstack-5.6.14-0/apps/relback/vendor/laravel/framework/src/Illuminate/Container/Container.php(567): Illuminate\Container\Container->resolve('App\\Console\\Ker...')
#3 /opt/bitnami/lampstack-5.6.14-0/apps/relback/vendor/laravel/framework/src/Illuminate/Foundation/Application.php(708): Illuminate\Container\Container->make('App\\Console\\Ker...')
#4 /opt/bitnami/lampstack-5.6.14-0/apps/relback/vendor/laravel/framework/src/Illumin in /opt/bitnami/lampstack-5.6.14-0/apps/relback/vendor/laravel/framework/src/Illuminate/Container/Container.php on line 721

Fatal error: Uncaught exception 'ReflectionException' with message 'Class App\Console\Kernel does not exist' in /opt/bitnami/lampstack-5.6.14-0/apps/relback/vendor/laravel/framework/src/Illuminate/Container/Container.php:721
Stack trace:
#0 /opt/bitnami/lampstack-5.6.14-0/apps/relback/vendor/laravel/framework/src/Illuminate/Container/Container.php(721): ReflectionClass->__construct('App\\Console\\Ker...')
#1 /opt/bitnami/lampstack-5.6.14-0/apps/relback/vendor/laravel/framework/src/Illuminate/Container/Container.php(600): Illuminate\Container\Container->build('App\\Console\\Ker...')
#2 /opt/bitnami/lampstack-5.6.14-0/apps/relback/vendor/laravel/framework/src/Illuminate/Container/Container.php(567): Illuminate\Container\Container->resolve('App\\Console\\Ker...')
#3 /opt/bitnami/lampstack-5.6.14-0/apps/relback/vendor/laravel/framework/src/Illuminate/Foundation/Application.php(708): Illuminate\Container\Container->make('App\\Console\\Ker...')
#4 /opt/bitnami/lampstack-5.6.14-0/apps/relback/vendor/laravel/framework/src/Illumin in /opt/bitnami/lampstack-5.6.14-0/apps/relback/vendor/laravel/framework/src/Illuminate/Container/Container.php on line 721

Fatal error: Uncaught exception 'ReflectionException' with message 'Class App\Console\Kernel does not exist' in /opt/bitnami/lampstack-5.6.14-0/apps/relback/vendor/laravel/framework/src/Illuminate/Container/Container.php:721
Stack trace:
#0 /opt/bitnami/lampstack-5.6.14-0/apps/relback/vendor/laravel/framework/src/Illuminate/Container/Container.php(721): ReflectionClass->__construct('App\\Console\\Ker...')
#1 /opt/bitnami/lampstack-5.6.14-0/apps/relback/vendor/laravel/framework/src/Illuminate/Container/Container.php(600): Illuminate\Container\Container->build('App\\Console\\Ker...')
#2 /opt/bitnami/lampstack-5.6.14-0/apps/relback/vendor/laravel/framework/src/Illuminate/Container/Container.php(567): Illuminate\Container\Container->resolve('App\\Console\\Ker...')
#3 /opt/bitnami/lampstack-5.6.14-0/apps/relback/vendor/laravel/framework/src/Illuminate/Foundation/Application.php(708): Illuminate\Container\Container->make('App\\Console\\Ker...')
#4 /opt/bitnami/lampstack-5.6.14-0/apps/relback/vendor/laravel/framework/src/Illumin in /opt/bitnami/lampstack-5.6.14-0/apps/relback/vendor/laravel/framework/src/Illuminate/Container/Container.php on line 721

Fatal error: Uncaught exception 'ReflectionException' with message 'Class App\Console\Kernel does not exist' in /opt/bitnami/lampstack-5.6.14-0/apps/relback/vendor/laravel/framework/src/Illuminate/Container/Container.php:721
Stack trace:
#0 /opt/bitnami/lampstack-5.6.14-0/apps/relback/vendor/laravel/framework/src/Illuminate/Container/Container.php(721): ReflectionClass->__construct('App\\Console\\Ker...')
#1 /opt/bitnami/lampstack-5.6.14-0/apps/relback/vendor/laravel/framework/src/Illuminate/Container/Container.php(600): Illuminate\Container\Container->build('App\\Console\\Ker...')
#2 /opt/bitnami/lampstack-5.6.14-0/apps/relback/vendor/laravel/framework/src/Illuminate/Container/Container.php(567): Illuminate\Container\Container->resolve('App\\Console\\Ker...')
#3 /opt/bitnami/lampstack-5.6.14-0/apps/relback/vendor/laravel/framework/src/Illuminate/Foundation/Application.php(708): Illuminate\Container\Container->make('App\\Console\\Ker...')
#4 /opt/bitnami/lampstack-5.6.14-0/apps/relback/vendor/laravel/framework/src/Illumin in /opt/bitnami/lampstack-5.6.14-0/apps/relback/vendor/laravel/framework/src/Illuminate/Container/Container.php on line 721

Fatal error: Uncaught exception 'ReflectionException' with message 'Class App\Console\Kernel does not exist' in /opt/bitnami/lampstack-5.6.14-0/apps/relback/vendor/laravel/framework/src/Illuminate/Container/Container.php:721
Stack trace:
#0 /opt/bitnami/lampstack-5.6.14-0/apps/relback/vendor/laravel/framework/src/Illuminate/Container/Container.php(721): ReflectionClass->__construct('App\\Console\\Ker...')
#1 /opt/bitnami/lampstack-5.6.14-0/apps/relback/vendor/laravel/framework/src/Illuminate/Container/Container.php(600): Illuminate\Container\Container->build('App\\Console\\Ker...')
#2 /opt/bitnami/lampstack-5.6.14-0/apps/relback/vendor/laravel/framework/src/Illuminate/Container/Container.php(567): Illuminate\Container\Container->resolve('App\\Console\\Ker...')
#3 /opt/bitnami/lampstack-5.6.14-0/apps/relback/vendor/laravel/framework/src/Illuminate/Foundation/Application.php(708): Illuminate\Container\Container->make('App\\Console\\Ker...')
#4 /opt/bitnami/lampstack-5.6.14-0/apps/relback/vendor/laravel/framework/src/Illumin in /opt/bitnami/lampstack-5.6.14-0/apps/relback/vendor/laravel/framework/src/Illuminate/Container/Container.php on line 721

Fatal error: Uncaught exception 'ReflectionException' with message 'Class App\Console\Kernel does not exist' in /opt/bitnami/lampstack-5.6.14-0/apps/relback/vendor/laravel/framework/src/Illuminate/Container/Container.php:721
Stack trace:
#0 /opt/bitnami/lampstack-5.6.14-0/apps/relback/vendor/laravel/framework/src/Illuminate/Container/Container.php(721): ReflectionClass->__construct('App\\Console\\Ker...')
#1 /opt/bitnami/lampstack-5.6.14-0/apps/relback/vendor/laravel/framework/src/Illuminate/Container/Container.php(600): Illuminate\Container\Container->build('App\\Console\\Ker...')
#2 /opt/bitnami/lampstack-5.6.14-0/apps/relback/vendor/laravel/framework/src/Illuminate/Container/Container.php(567): Illuminate\Container\Container->resolve('App\\Console\\Ker...')
#3 /opt/bitnami/lampstack-5.6.14-0/apps/relback/vendor/laravel/framework/src/Illuminate/Foundation/Application.php(708): Illuminate\Container\Container->make('App\\Console\\Ker...')
#4 /opt/bitnami/lampstack-5.6.14-0/apps/relback/vendor/laravel/framework/src/Illumin in /opt/bitnami/lampstack-5.6.14-0/apps/relback/vendor/laravel/framework/src/Illuminate/Container/Container.php on line 721

Fatal error: Uncaught exception 'ReflectionException' with message 'Class App\Console\Kernel does not exist' in /opt/bitnami/lampstack-5.6.14-0/apps/relback/vendor/laravel/framework/src/Illuminate/Container/Container.php:721
Stack trace:
#0 /opt/bitnami/lampstack-5.6.14-0/apps/relback/vendor/laravel/framework/src/Illuminate/Container/Container.php(721): ReflectionClass->__construct('App\\Console\\Ker...')
#1 /opt/bitnami/lampstack-5.6.14-0/apps/relback/vendor/laravel/framework/src/Illuminate/Container/Container.php(600): Illuminate\Container\Container->build('App\\Console\\Ker...')
#2 /opt/bitnami/lampstack-5.6.14-0/apps/relback/vendor/laravel/framework/src/Illuminate/Container/Container.php(567): Illuminate\Container\Container->resolve('App\\Console\\Ker...')
#3 /opt/bitnami/lampstack-5.6.14-0/apps/relback/vendor/laravel/framework/src/Illuminate/Foundation/Application.php(708): Illuminate\Container\Container->make('App\\Console\\Ker...')
#4 /opt/bitnami/lampstack-5.6.14-0/apps/relback/vendor/laravel/framework/src/Illumin in /opt/bitnami/lampstack-5.6.14-0/apps/relback/vendor/laravel/framework/src/Illuminate/Container/Container.php on line 721

Fatal error: Uncaught exception 'ReflectionException' with message 'Class App\Console\Kernel does not exist' in /opt/bitnami/lampstack-5.6.14-0/apps/relback/vendor/laravel/framework/src/Illuminate/Container/Container.php:721
Stack trace:
#0 /opt/bitnami/lampstack-5.6.14-0/apps/relback/vendor/laravel/framework/src/Illuminate/Container/Container.php(721): ReflectionClass->__construct('App\\Console\\Ker...')
#1 /opt/bitnami/lampstack-5.6.14-0/apps/relback/vendor/laravel/framework/src/Illuminate/Container/Container.php(600): Illuminate\Container\Container->build('App\\Console\\Ker...')
#2 /opt/bitnami/lampstack-5.6.14-0/apps/relback/vendor/laravel/framework/src/Illuminate/Container/Container.php(567): Illuminate\Container\Container->resolve('App\\Console\\Ker...')
#3 /opt/bitnami/lampstack-5.6.14-0/apps/relback/vendor/laravel/framework/src/Illuminate/Foundation/Application.php(708): Illuminate\Container\Container->make('App\\Console\\Ker...')
#4 /opt/bitnami/lampstack-5.6.14-0/apps/relback/vendor/laravel/framework/src/Illumin in /opt/bitnami/lampstack-5.6.14-0/apps/relback/vendor/laravel/framework/src/Illuminate/Container/Container.php on line 721

Fatal error: Uncaught exception 'ReflectionException' with message 'Class App\Console\Kernel does not exist' in /opt/bitnami/lampstack-5.6.14-0/apps/relback/vendor/laravel/framework/src/Illuminate/Container/Container.php:721
Stack trace:
#0 /opt/bitnami/lampstack-5.6.14-0/apps/relback/vendor/laravel/framework/src/Illuminate/Container/Container.php(721): ReflectionClass->__construct('App\\Console\\Ker...')
#1 /opt/bitnami/lampstack-5.6.14-0/apps/relback/vendor/laravel/framework/src/Illuminate/Container/Container.php(600): Illuminate\Container\Container->build('App\\Console\\Ker...')
#2 /opt/bitnami/lampstack-5.6.14-0/apps/relback/vendor/laravel/framework/src/Illuminate/Container/Container.php(567): Illuminate\Container\Container->resolve('App\\Console\\Ker...')
#3 /opt/bitnami/lampstack-5.6.14-0/apps/relback/vendor/laravel/framework/src/Illuminate/Foundation/Application.php(708): Illuminate\Container\Container->make('App\\Console\\Ker...')
#4 /opt/bitnami/lampstack-5.6.14-0/apps/relback/vendor/laravel/framework/src/Illumin in /opt/bitnami/lampstack-5.6.14-0/apps/relback/vendor/laravel/framework/src/Illuminate/Container/Container.php on line 721

Fatal error: Uncaught exception 'ReflectionException' with message 'Class App\Console\Kernel does not exist' in /opt/bitnami/lampstack-5.6.14-0/apps/relback/vendor/laravel/framework/src/Illuminate/Container/Container.php:721
Stack trace:
#0 /opt/bitnami/lampstack-5.6.14-0/apps/relback/vendor/laravel/framework/src/Illuminate/Container/Container.php(721): ReflectionClass->__construct('App\\Console\\Ker...')
#1 /opt/bitnami/lampstack-5.6.14-0/apps/relback/vendor/laravel/framework/src/Illuminate/Container/Container.php(600): Illuminate\Container\Container->build('App\\Console\\Ker...')
#2 /opt/bitnami/lampstack-5.6.14-0/apps/relback/vendor/laravel/framework/src/Illuminate/Container/Container.php(567): Illuminate\Container\Container->resolve('App\\Console\\Ker...')
#3 /opt/bitnami/lampstack-5.6.14-0/apps/relback/vendor/laravel/framework/src/Illuminate/Foundation/Application.php(708): Illuminate\Container\Container->make('App\\Console\\Ker...')
#4 /opt/bitnami/lampstack-5.6.14-0/apps/relback/vendor/laravel/framework/src/Illumin in /opt/bitnami/lampstack-5.6.14-0/apps/relback/vendor/laravel/framework/src/Illuminate/Container/Container.php on line 721

Fatal error: Uncaught exception 'ReflectionException' with message 'Class App\Console\Kernel does not exist' in /opt/bitnami/lampstack-5.6.14-0/apps/relback/vendor/laravel/framework/src/Illuminate/Container/Container.php:721
Stack trace:
#0 /opt/bitnami/lampstack-5.6.14-0/apps/relback/vendor/laravel/framework/src/Illuminate/Container/Container.php(721): ReflectionClass->__construct('App\\Console\\Ker...')
#1 /opt/bitnami/lampstack-5.6.14-0/apps/relback/vendor/laravel/framework/src/Illuminate/Container/Container.php(600): Illuminate\Container\Container->build('App\\Console\\Ker...')
#2 /opt/bitnami/lampstack-5.6.14-0/apps/relback/vendor/laravel/framework/src/Illuminate/Container/Container.php(567): Illuminate\Container\Container->resolve('App\\Console\\Ker...')
#3 /opt/bitnami/lampstack-5.6.14-0/apps/relback/vendor/laravel/framework/src/Illuminate/Foundation/Application.php(708): Illuminate\Container\Container->make('App\\Console\\Ker...')
#4 /opt/bitnami/lampstack-5.6.14-0/apps/relback/vendor/laravel/framework/src/Illumin in /opt/bitnami/lampstack-5.6.14-0/apps/relback/vendor/laravel/framework/src/Illuminate/Container/Container.php on line 721

Fatal error: Uncaught exception 'ReflectionException' with message 'Class App\Console\Kernel does not exist' in /opt/bitnami/lampstack-5.6.14-0/apps/relback/vendor/laravel/framework/src/Illuminate/Container/Container.php:721
Stack trace:
#0 /opt/bitnami/lampstack-5.6.14-0/apps/relback/vendor/laravel/framework/src/Illuminate/Container/Container.php(721): ReflectionClass->__construct('App\\Console\\Ker...')
#1 /opt/bitnami/lampstack-5.6.14-0/apps/relback/vendor/laravel/framework/src/Illuminate/Container/Container.php(600): Illuminate\Container\Container->build('App\\Console\\Ker...')
#2 /opt/bitnami/lampstack-5.6.14-0/apps/relback/vendor/laravel/framework/src/Illuminate/Container/Container.php(567): Illuminate\Container\Container->resolve('App\\Console\\Ker...')
#3 /opt/bitnami/lampstack-5.6.14-0/apps/relback/vendor/laravel/framework/src/Illuminate/Foundation/Application.php(708): Illuminate\Container\Container->make('App\\Console\\Ker...')
#4 /opt/bitnami/lampstack-5.6.14-0/apps/relback/vendor/laravel/framework/src/Illumin in /opt/bitnami/lampstack-5.6.14-0/apps/relback/vendor/laravel/framework/src/Illuminate/Container/Container.php on line 721

Fatal error: Uncaught exception 'ReflectionException' with message 'Class App\Console\Kernel does not exist' in /opt/bitnami/lampstack-5.6.14-0/apps/relback/vendor/laravel/framework/src/Illuminate/Container/Container.php:721
Stack trace:
#0 /opt/bitnami/lampstack-5.6.14-0/apps/relback/vendor/laravel/framework/src/Illuminate/Container/Container.php(721): ReflectionClass->__construct('App\\Console\\Ker...')
#1 /opt/bitnami/lampstack-5.6.14-0/apps/relback/vendor/laravel/framework/src/Illuminate/Container/Container.php(600): Illuminate\Container\Container->build('App\\Console\\Ker...')
#2 /opt/bitnami/lampstack-5.6.14-0/apps/relback/vendor/laravel/framework/src/Illuminate/Container/Container.php(567): Illuminate\Container\Container->resolve('App\\Console\\Ker...')
#3 /opt/bitnami/lampstack-5.6.14-0/apps/relback/vendor/laravel/framework/src/Illuminate/Foundation/Application.php(708): Illuminate\Container\Container->make('App\\Console\\Ker...')
#4 /opt/bitnami/lampstack-5.6.14-0/apps/relback/vendor/laravel/framework/src/Illumin in /opt/bitnami/lampstack-5.6.14-0/apps/relback/vendor/laravel/framework/src/Illuminate/Container/Container.php on line 721

Fatal error: Uncaught exception 'ReflectionException' with message 'Class App\Console\Kernel does not exist' in /opt/bitnami/lampstack-5.6.14-0/apps/relback/vendor/laravel/framework/src/Illuminate/Container/Container.php:721
Stack trace:
#0 /opt/bitnami/lampstack-5.6.14-0/apps/relback/vendor/laravel/framework/src/Illuminate/Container/Container.php(721): ReflectionClass->__construct('App\\Console\\Ker...')
#1 /opt/bitnami/lampstack-5.6.14-0/apps/relback/vendor/laravel/framework/src/Illuminate/Container/Container.php(600): Illuminate\Container\Container->build('App\\Console\\Ker...')
#2 /opt/bitnami/lampstack-5.6.14-0/apps/relback/vendor/laravel/framework/src/Illuminate/Container/Container.php(567): Illuminate\Container\Container->resolve('App\\Console\\Ker...')
#3 /opt/bitnami/lampstack-5.6.14-0/apps/relback/vendor/laravel/framework/src/Illuminate/Foundation/Application.php(708): Illuminate\Container\Container->make('App\\Console\\Ker...')
#4 /opt/bitnami/lampstack-5.6.14-0/apps/relback/vendor/laravel/framework/src/Illumin in /opt/bitnami/lampstack-5.6.14-0/apps/relback/vendor/laravel/framework/src/Illuminate/Container/Container.php on line 721

Fatal error: Uncaught exception 'ReflectionException' with message 'Class App\Console\Kernel does not exist' in /opt/bitnami/lampstack-5.6.14-0/apps/relback/vendor/laravel/framework/src/Illuminate/Container/Container.php:721
Stack trace:
#0 /opt/bitnami/lampstack-5.6.14-0/apps/relback/vendor/laravel/framework/src/Illuminate/Container/Container.php(721): ReflectionClass->__construct('App\\Console\\Ker...')
#1 /opt/bitnami/lampstack-5.6.14-0/apps/relback/vendor/laravel/framework/src/Illuminate/Container/Container.php(600): Illuminate\Container\Container->build('App\\Console\\Ker...')
#2 /opt/bitnami/lampstack-5.6.14-0/apps/relback/vendor/laravel/framework/src/Illuminate/Container/Container.php(567): Illuminate\Container\Container->resolve('App\\Console\\Ker...')
#3 /opt/bitnami/lampstack-5.6.14-0/apps/relback/vendor/laravel/framework/src/Illuminate/Foundation/Application.php(708): Illuminate\Container\Container->make('App\\Console\\Ker...')
#4 /opt/bitnami/lampstack-5.6.14-0/apps/relback/vendor/laravel/framework/src/Illumin in /opt/bitnami/lampstack-5.6.14-0/apps/relback/vendor/laravel/framework/src/Illuminate/Container/Container.php on line 721

Fatal error: Uncaught exception 'ReflectionException' with message 'Class App\Console\Kernel does not exist' in /opt/bitnami/lampstack-5.6.14-0/apps/relback/vendor/laravel/framework/src/Illuminate/Container/Container.php:721
Stack trace:
#0 /opt/bitnami/lampstack-5.6.14-0/apps/relback/vendor/laravel/framework/src/Illuminate/Container/Container.php(721): ReflectionClass->__construct('App\\Console\\Ker...')
#1 /opt/bitnami/lampstack-5.6.14-0/apps/relback/vendor/laravel/framework/src/Illuminate/Container/Container.php(600): Illuminate\Container\Container->build('App\\Console\\Ker...')
#2 /opt/bitnami/lampstack-5.6.14-0/apps/relback/vendor/laravel/framework/src/Illuminate/Container/Container.php(567): Illuminate\Container\Container->resolve('App\\Console\\Ker...')
#3 /opt/bitnami/lampstack-5.6.14-0/apps/relback/vendor/laravel/framework/src/Illuminate/Foundation/Application.php(708): Illuminate\Container\Container->make('App\\Console\\Ker...')
#4 /opt/bitnami/lampstack-5.6.14-0/apps/relback/vendor/laravel/framework/src/Illumin in /opt/bitnami/lampstack-5.6.14-0/apps/relback/vendor/laravel/framework/src/Illuminate/Container/Container.php on line 721

Fatal error: Uncaught exception 'ReflectionException' with message 'Class App\Console\Kernel does not exist' in /opt/bitnami/lampstack-5.6.14-0/apps/relback/vendor/laravel/framework/src/Illuminate/Container/Container.php:721
Stack trace:
#0 /opt/bitnami/lampstack-5.6.14-0/apps/relback/vendor/laravel/framework/src/Illuminate/Container/Container.php(721): ReflectionClass->__construct('App\\Console\\Ker...')
#1 /opt/bitnami/lampstack-5.6.14-0/apps/relback/vendor/laravel/framework/src/Illuminate/Container/Container.php(600): Illuminate\Container\Container->build('App\\Console\\Ker...')
#2 /opt/bitnami/lampstack-5.6.14-0/apps/relback/vendor/laravel/framework/src/Illuminate/Container/Container.php(567): Illuminate\Container\Container->resolve('App\\Console\\Ker...')
#3 /opt/bitnami/lampstack-5.6.14-0/apps/relback/vendor/laravel/framework/src/Illuminate/Foundation/Application.php(708): Illuminate\Container\Container->make('App\\Console\\Ker...')
#4 /opt/bitnami/lampstack-5.6.14-0/apps/relback/vendor/laravel/framework/src/Illumin in /opt/bitnami/lampstack-5.6.14-0/apps/relback/vendor/laravel/framework/src/Illuminate/Container/Container.php on line 721

Fatal error: Uncaught exception 'ReflectionException' with message 'Class App\Console\Kernel does not exist' in /opt/bitnami/lampstack-5.6.14-0/apps/relback/vendor/laravel/framework/src/Illuminate/Container/Container.php:721
Stack trace:
#0 /opt/bitnami/lampstack-5.6.14-0/apps/relback/vendor/laravel/framework/src/Illuminate/Container/Container.php(721): ReflectionClass->__construct('App\\Console\\Ker...')
#1 /opt/bitnami/lampstack-5.6.14-0/apps/relback/vendor/laravel/framework/src/Illuminate/Container/Container.php(600): Illuminate\Container\Container->build('App\\Console\\Ker...')
#2 /opt/bitnami/lampstack-5.6.14-0/apps/relback/vendor/laravel/framework/src/Illuminate/Container/Container.php(567): Illuminate\Container\Container->resolve('App\\Console\\Ker...')
#3 /opt/bitnami/lampstack-5.6.14-0/apps/relback/vendor/laravel/framework/src/Illuminate/Foundation/Application.php(708): Illuminate\Container\Container->make('App\\Console\\Ker...')
#4 /opt/bitnami/lampstack-5.6.14-0/apps/relback/vendor/laravel/framework/src/Illumin in /opt/bitnami/lampstack-5.6.14-0/apps/relback/vendor/laravel/framework/src/Illuminate/Container/Container.php on line 721

Fatal error: Uncaught exception 'ReflectionException' with message 'Class App\Console\Kernel does not exist' in /opt/bitnami/lampstack-5.6.14-0/apps/relback/vendor/laravel/framework/src/Illuminate/Container/Container.php:721
Stack trace:
#0 /opt/bitnami/lampstack-5.6.14-0/apps/relback/vendor/laravel/framework/src/Illuminate/Container/Container.php(721): ReflectionClass->__construct('App\\Console\\Ker...')
#1 /opt/bitnami/lampstack-5.6.14-0/apps/relback/vendor/laravel/framework/src/Illuminate/Container/Container.php(600): Illuminate\Container\Container->build('App\\Console\\Ker...')
#2 /opt/bitnami/lampstack-5.6.14-0/apps/relback/vendor/laravel/framework/src/Illuminate/Container/Container.php(567): Illuminate\Container\Container->resolve('App\\Console\\Ker...')
#3 /opt/bitnami/lampstack-5.6.14-0/apps/relback/vendor/laravel/framework/src/Illuminate/Foundation/Application.php(708): Illuminate\Container\Container->make('App\\Console\\Ker...')
#4 /opt/bitnami/lampstack-5.6.14-0/apps/relback/vendor/laravel/framework/src/Illumin in /opt/bitnami/lampstack-5.6.14-0/apps/relback/vendor/laravel/framework/src/Illuminate/Container/Container.php on line 721

Fatal error: Uncaught exception 'ReflectionException' with message 'Class App\Console\Kernel does not exist' in /opt/bitnami/lampstack-5.6.14-0/apps/relback/vendor/laravel/framework/src/Illuminate/Container/Container.php:721
Stack trace:
#0 /opt/bitnami/lampstack-5.6.14-0/apps/relback/vendor/laravel/framework/src/Illuminate/Container/Container.php(721): ReflectionClass->__construct('App\\Console\\Ker...')
#1 /opt/bitnami/lampstack-5.6.14-0/apps/relback/vendor/laravel/framework/src/Illuminate/Container/Container.php(600): Illuminate\Container\Container->build('App\\Console\\Ker...')
#2 /opt/bitnami/lampstack-5.6.14-0/apps/relback/vendor/laravel/framework/src/Illuminate/Container/Container.php(567): Illuminate\Container\Container->resolve('App\\Console\\Ker...')
#3 /opt/bitnami/lampstack-5.6.14-0/apps/relback/vendor/laravel/framework/src/Illuminate/Foundation/Application.php(708): Illuminate\Container\Container->make('App\\Console\\Ker...')
#4 /opt/bitnami/lampstack-5.6.14-0/apps/relback/vendor/laravel/framework/src/Illumin in /opt/bitnami/lampstack-5.6.14-0/apps/relback/vendor/laravel/framework/src/Illuminate/Container/Container.php on line 721

Fatal error: Uncaught exception 'ReflectionException' with message 'Class App\Console\Kernel does not exist' in /opt/bitnami/lampstack-5.6.14-0/apps/relback/vendor/laravel/framework/src/Illuminate/Container/Container.php:721
Stack trace:
#0 /opt/bitnami/lampstack-5.6.14-0/apps/relback/vendor/laravel/framework/src/Illuminate/Container/Container.php(721): ReflectionClass->__construct('App\\Console\\Ker...')
#1 /opt/bitnami/lampstack-5.6.14-0/apps/relback/vendor/laravel/framework/src/Illuminate/Container/Container.php(600): Illuminate\Container\Container->build('App\\Console\\Ker...')
#2 /opt/bitnami/lampstack-5.6.14-0/apps/relback/vendor/laravel/framework/src/Illuminate/Container/Container.php(567): Illuminate\Container\Container->resolve('App\\Console\\Ker...')
#3 /opt/bitnami/lampstack-5.6.14-0/apps/relback/vendor/laravel/framework/src/Illuminate/Foundation/Application.php(708): Illuminate\Container\Container->make('App\\Console\\Ker...')
#4 /opt/bitnami/lampstack-5.6.14-0/apps/relback/vendor/laravel/framework/src/Illumin in /opt/bitnami/lampstack-5.6.14-0/apps/relback/vendor/laravel/framework/src/Illuminate/Container/Container.php on line 721

Fatal error: Uncaught exception 'ReflectionException' with message 'Class App\Console\Kernel does not exist' in /opt/bitnami/lampstack-5.6.14-0/apps/relback/vendor/laravel/framework/src/Illuminate/Container/Container.php:721
Stack trace:
#0 /opt/bitnami/lampstack-5.6.14-0/apps/relback/vendor/laravel/framework/src/Illuminate/Container/Container.php(721): ReflectionClass->__construct('App\\Console\\Ker...')
#1 /opt/bitnami/lampstack-5.6.14-0/apps/relback/vendor/laravel/framework/src/Illuminate/Container/Container.php(600): Illuminate\Container\Container->build('App\\Console\\Ker...')
#2 /opt/bitnami/lampstack-5.6.14-0/apps/relback/vendor/laravel/framework/src/Illuminate/Container/Container.php(567): Illuminate\Container\Container->resolve('App\\Console\\Ker...')
#3 /opt/bitnami/lampstack-5.6.14-0/apps/relback/vendor/laravel/framework/src/Illuminate/Foundation/Application.php(708): Illuminate\Container\Container->make('App\\Console\\Ker...')
#4 /opt/bitnami/lampstack-5.6.14-0/apps/relback/vendor/laravel/framework/src/Illumin in /opt/bitnami/lampstack-5.6.14-0/apps/relback/vendor/laravel/framework/src/Illuminate/Container/Container.php on line 721

Fatal error: Uncaught exception 'ReflectionException' with message 'Class App\Console\Kernel does not exist' in /opt/bitnami/lampstack-5.6.14-0/apps/relback/vendor/laravel/framework/src/Illuminate/Container/Container.php:721
Stack trace:
#0 /opt/bitnami/lampstack-5.6.14-0/apps/relback/vendor/laravel/framework/src/Illuminate/Container/Container.php(721): ReflectionClass->__construct('App\\Console\\Ker...')
#1 /opt/bitnami/lampstack-5.6.14-0/apps/relback/vendor/laravel/framework/src/Illuminate/Container/Container.php(600): Illuminate\Container\Container->build('App\\Console\\Ker...')
#2 /opt/bitnami/lampstack-5.6.14-0/apps/relback/vendor/laravel/framework/src/Illuminate/Container/Container.php(567): Illuminate\Container\Container->resolve('App\\Console\\Ker...')
#3 /opt/bitnami/lampstack-5.6.14-0/apps/relback/vendor/laravel/framework/src/Illuminate/Foundation/Application.php(708): Illuminate\Container\Container->make('App\\Console\\Ker...')
#4 /opt/bitnami/lampstack-5.6.14-0/apps/relback/vendor/laravel/framework/src/Illumin in /opt/bitnami/lampstack-5.6.14-0/apps/relback/vendor/laravel/framework/src/Illuminate/Container/Container.php on line 721

Fatal error: Uncaught exception 'ReflectionException' with message 'Class App\Console\Kernel does not exist' in /opt/bitnami/lampstack-5.6.14-0/apps/relback/vendor/laravel/framework/src/Illuminate/Container/Container.php:721
Stack trace:
#0 /opt/bitnami/lampstack-5.6.14-0/apps/relback/vendor/laravel/framework/src/Illuminate/Container/Container.php(721): ReflectionClass->__construct('App\\Console\\Ker...')
#1 /opt/bitnami/lampstack-5.6.14-0/apps/relback/vendor/laravel/framework/src/Illuminate/Container/Container.php(600): Illuminate\Container\Container->build('App\\Console\\Ker...')
#2 /opt/bitnami/lampstack-5.6.14-0/apps/relback/vendor/laravel/framework/src/Illuminate/Container/Container.php(567): Illuminate\Container\Container->resolve('App\\Console\\Ker...')
#3 /opt/bitnami/lampstack-5.6.14-0/apps/relback/vendor/laravel/framework/src/Illuminate/Foundation/Application.php(708): Illuminate\Container\Container->make('App\\Console\\Ker...')
#4 /opt/bitnami/lampstack-5.6.14-0/apps/relback/vendor/laravel/framework/src/Illumin in /opt/bitnami/lampstack-5.6.14-0/apps/relback/vendor/laravel/framework/src/Illuminate/Container/Container.php on line 721

Fatal error: Uncaught exception 'ReflectionException' with message 'Class App\Console\Kernel does not exist' in /opt/bitnami/lampstack-5.6.14-0/apps/relback/vendor/laravel/framework/src/Illuminate/Container/Container.php:721
Stack trace:
#0 /opt/bitnami/lampstack-5.6.14-0/apps/relback/vendor/laravel/framework/src/Illuminate/Container/Container.php(721): ReflectionClass->__construct('App\\Console\\Ker...')
#1 /opt/bitnami/lampstack-5.6.14-0/apps/relback/vendor/laravel/framework/src/Illuminate/Container/Container.php(600): Illuminate\Container\Container->build('App\\Console\\Ker...')
#2 /opt/bitnami/lampstack-5.6.14-0/apps/relback/vendor/laravel/framework/src/Illuminate/Container/Container.php(567): Illuminate\Container\Container->resolve('App\\Console\\Ker...')
#3 /opt/bitnami/lampstack-5.6.14-0/apps/relback/vendor/laravel/framework/src/Illuminate/Foundation/Application.php(708): Illuminate\Container\Container->make('App\\Console\\Ker...')
#4 /opt/bitnami/lampstack-5.6.14-0/apps/relback/vendor/laravel/framework/src/Illumin in /opt/bitnami/lampstack-5.6.14-0/apps/relback/vendor/laravel/framework/src/Illuminate/Container/Container.php on line 721

Fatal error: Uncaught exception 'ReflectionException' with message 'Class App\Console\Kernel does not exist' in /opt/bitnami/lampstack-5.6.14-0/apps/relback/vendor/laravel/framework/src/Illuminate/Container/Container.php:721
Stack trace:
#0 /opt/bitnami/lampstack-5.6.14-0/apps/relback/vendor/laravel/framework/src/Illuminate/Container/Container.php(721): ReflectionClass->__construct('App\\Console\\Ker...')
#1 /opt/bitnami/lampstack-5.6.14-0/apps/relback/vendor/laravel/framework/src/Illuminate/Container/Container.php(600): Illuminate\Container\Container->build('App\\Console\\Ker...')
#2 /opt/bitnami/lampstack-5.6.14-0/apps/relback/vendor/laravel/framework/src/Illuminate/Container/Container.php(567): Illuminate\Container\Container->resolve('App\\Console\\Ker...')
#3 /opt/bitnami/lampstack-5.6.14-0/apps/relback/vendor/laravel/framework/src/Illuminate/Foundation/Application.php(708): Illuminate\Container\Container->make('App\\Console\\Ker...')
#4 /opt/bitnami/lampstack-5.6.14-0/apps/relback/vendor/laravel/framework/src/Illumin in /opt/bitnami/lampstack-5.6.14-0/apps/relback/vendor/laravel/framework/src/Illuminate/Container/Container.php on line 721

Fatal error: Uncaught exception 'ReflectionException' with message 'Class App\Console\Kernel does not exist' in /opt/bitnami/lampstack-5.6.14-0/apps/relback/vendor/laravel/framework/src/Illuminate/Container/Container.php:721
Stack trace:
#0 /opt/bitnami/lampstack-5.6.14-0/apps/relback/vendor/laravel/framework/src/Illuminate/Container/Container.php(721): ReflectionClass->__construct('App\\Console\\Ker...')
#1 /opt/bitnami/lampstack-5.6.14-0/apps/relback/vendor/laravel/framework/src/Illuminate/Container/Container.php(600): Illuminate\Container\Container->build('App\\Console\\Ker...')
#2 /opt/bitnami/lampstack-5.6.14-0/apps/relback/vendor/laravel/framework/src/Illuminate/Container/Container.php(567): Illuminate\Container\Container->resolve('App\\Console\\Ker...')
#3 /opt/bitnami/lampstack-5.6.14-0/apps/relback/vendor/laravel/framework/src/Illuminate/Foundation/Application.php(708): Illuminate\Container\Container->make('App\\Console\\Ker...')
#4 /opt/bitnami/lampstack-5.6.14-0/apps/relback/vendor/laravel/framework/src/Illumin in /opt/bitnami/lampstack-5.6.14-0/apps/relback/vendor/laravel/framework/src/Illuminate/Container/Container.php on line 721

Fatal error: Uncaught exception 'ReflectionException' with message 'Class App\Console\Kernel does not exist' in /opt/bitnami/lampstack-5.6.14-0/apps/relback/vendor/laravel/framework/src/Illuminate/Container/Container.php:721
Stack trace:
#0 /opt/bitnami/lampstack-5.6.14-0/apps/relback/vendor/laravel/framework/src/Illuminate/Container/Container.php(721): ReflectionClass->__construct('App\\Console\\Ker...')
#1 /opt/bitnami/lampstack-5.6.14-0/apps/relback/vendor/laravel/framework/src/Illuminate/Container/Container.php(600): Illuminate\Container\Container->build('App\\Console\\Ker...')
#2 /opt/bitnami/lampstack-5.6.14-0/apps/relback/vendor/laravel/framework/src/Illuminate/Container/Container.php(567): Illuminate\Container\Container->resolve('App\\Console\\Ker...')
#3 /opt/bitnami/lampstack-5.6.14-0/apps/relback/vendor/laravel/framework/src/Illuminate/Foundation/Application.php(708): Illuminate\Container\Container->make('App\\Console\\Ker...')
#4 /opt/bitnami/lampstack-5.6.14-0/apps/relback/vendor/laravel/framework/src/Illumin in /opt/bitnami/lampstack-5.6.14-0/apps/relback/vendor/laravel/framework/src/Illuminate/Container/Container.php on line 721

Fatal error: Uncaught exception 'ReflectionException' with message 'Class App\Console\Kernel does not exist' in /opt/bitnami/lampstack-5.6.14-0/apps/relback/vendor/laravel/framework/src/Illuminate/Container/Container.php:721
Stack trace:
#0 /opt/bitnami/lampstack-5.6.14-0/apps/relback/vendor/laravel/framework/src/Illuminate/Container/Container.php(721): ReflectionClass->__construct('App\\Console\\Ker...')
#1 /opt/bitnami/lampstack-5.6.14-0/apps/relback/vendor/laravel/framework/src/Illuminate/Container/Container.php(600): Illuminate\Container\Container->build('App\\Console\\Ker...')
#2 /opt/bitnami/lampstack-5.6.14-0/apps/relback/vendor/laravel/framework/src/Illuminate/Container/Container.php(567): Illuminate\Container\Container->resolve('App\\Console\\Ker...')
#3 /opt/bitnami/lampstack-5.6.14-0/apps/relback/vendor/laravel/framework/src/Illuminate/Foundation/Application.php(708): Illuminate\Container\Container->make('App\\Console\\Ker...')
#4 /opt/bitnami/lampstack-5.6.14-0/apps/relback/vendor/laravel/framework/src/Illumin in /opt/bitnami/lampstack-5.6.14-0/apps/relback/vendor/laravel/framework/src/Illuminate/Container/Container.php on line 721
No scheduled commands are ready to run.
No scheduled commands are ready to run.
No scheduled commands are ready to run.
No scheduled commands are ready to run.
No scheduled commands are ready to run.
No scheduled commands are ready to run.
No scheduled commands are ready to run.
