[2015-12-16 15:18:00] local.ERROR: exception 'ErrorException' with message 'Use of undefined constant row - assumed 'row'' in /opt/bitnami/lampstack-5.6.14-0/apps/relback/storage/framework/views/82508b7545150528f78b2ac3ee63d745:62
Stack trace:
#0 /opt/bitnami/lampstack-5.6.14-0/apps/relback/storage/framework/views/82508b7545150528f78b2ac3ee63d745(62): Illuminate\Foundation\Bootstrap\HandleExceptions->handleError(8, 'Use of undefine...', '/opt/bitnami/la...', 62, Array)
#1 /opt/bitnami/lampstack-5.6.14-0/apps/relback/vendor/laravel/framework/src/Illuminate/View/Engines/PhpEngine.php(42): include('/opt/bitnami/la...')
#2 /opt/bitnami/lampstack-5.6.14-0/apps/relback/vendor/laravel/framework/src/Illuminate/View/Engines/CompilerEngine.php(58): Illuminate\View\Engines\PhpEngine->evaluatePath('/opt/bitnami/la...', Array)
#3 /opt/bitnami/lampstack-5.6.14-0/apps/relback/vendor/laravel/framework/src/Illuminate/View/View.php(135): Illuminate\View\Engines\CompilerEngine->get('/opt/bitnami/la...', Array)
#4 /opt/bitnami/lampstack-5.6.14-0/apps/relback/vendor/laravel/framework/src/Illuminate/View/View.php(106): Illuminate\View\View->getContents()
#5 /opt/bitnami/lampstack-5.6.14-0/apps/relback/vendor/laravel/framework/src/Illuminate/View/View.php(80): Illuminate\View\View->renderContents()
#6 /opt/bitnami/lampstack-5.6.14-0/apps/relback/vendor/laravel/framework/src/Illuminate/Http/Response.php(51): Illuminate\View\View->render()
#7 /opt/bitnami/lampstack-5.6.14-0/apps/relback/vendor/symfony/http-foundation/Response.php(198): Illuminate\Http\Response->setContent(Object(Illuminate\View\View))
#8 /opt/bitnami/lampstack-5.6.14-0/apps/relback/vendor/laravel/framework/src/Illuminate/Routing/Router.php(1233): Symfony\Component\HttpFoundation\Response->__construct(Object(Illuminate\View\View))
#9 /opt/bitnami/lampstack-5.6.14-0/apps/relback/vendor/laravel/framework/src/Illuminate/Routing/ControllerDispatcher.php(113): Illuminate\Routing\Router->prepareResponse(Object(Illuminate\Http\Request), Object(Illuminate\View\View))
#10 [internal function]: Illuminate\Routing\ControllerDispatcher->Illuminate\Routing\{closure}(Object(Illuminate\Http\Request))
#11 /opt/bitnami/lampstack-5.6.14-0/apps/relback/vendor/laravel/framework/src/Illuminate/Pipeline/Pipeline.php(139): call_user_func(Object(Closure), Object(Illuminate\Http\Request))
#12 [internal function]: Illuminate\Pipeline\Pipeline->Illuminate\Pipeline\{closure}(Object(Illuminate\Http\Request))
#13 /opt/bitnami/lampstack-5.6.14-0/apps/relback/vendor/laravel/framework/src/Illuminate/Pipeline/Pipeline.php(103): call_user_func(Object(Closure), Object(Illuminate\Http\Request))
#14 /opt/bitnami/lampstack-5.6.14-0/apps/relback/vendor/laravel/framework/src/Illuminate/Routing/ControllerDispatcher.php(114): Illuminate\Pipeline\Pipeline->then(Object(Closure))
#15 /opt/bitnami/lampstack-5.6.14-0/apps/relback/vendor/laravel/framework/src/Illuminate/Routing/ControllerDispatcher.php(69): Illuminate\Routing\ControllerDispatcher->callWithinStack(Object(relback\Http\Controllers\ReportsController), Object(Illuminate\Routing\Route), Object(Illuminate\Http\Request), 'readDefault')
#16 /opt/bitnami/lampstack-5.6.14-0/apps/relback/vendor/laravel/framework/src/Illuminate/Routing/Route.php(203): Illuminate\Routing\ControllerDispatcher->dispatch(Object(Illuminate\Routing\Route), Object(Illuminate\Http\Request), 'relback\\Http\\Co...', 'readDefault')
#17 /opt/bitnami/lampstack-5.6.14-0/apps/relback/vendor/laravel/framework/src/Illuminate/Routing/Route.php(134): Illuminate\Routing\Route->runWithCustomDispatcher(Object(Illuminate\Http\Request))
#18 /opt/bitnami/lampstack-5.6.14-0/apps/relback/vendor/laravel/framework/src/Illuminate/Routing/Router.php(712): Illuminate\Routing\Route->run(Object(Illuminate\Http\Request))
#19 [internal function]: Illuminate\Routing\Router->Illuminate\Routing\{closure}(Object(Illuminate\Http\Request))
#20 /opt/bitnami/lampstack-5.6.14-0/apps/relback/vendor/laravel/framework/src/Illuminate/Pipeline/Pipeline.php(139): call_user_func(Object(Closure), Object(Illuminate\Http\Request))
#21 [internal function]: Illuminate\Pipeline\Pipeline->Illuminate\Pipeline\{closure}(Object(Illuminate\Http\Request))
#22 /opt/bitnami/lampstack-5.6.14-0/apps/relback/vendor/laravel/framework/src/Illuminate/Pipeline/Pipeline.php(103): call_user_func(Object(Closure), Object(Illuminate\Http\Request))
#23 /opt/bitnami/lampstack-5.6.14-0/apps/relback/vendor/laravel/framework/src/Illuminate/Routing/Router.php(714): Illuminate\Pipeline\Pipeline->then(Object(Closure))
#24 /opt/bitnami/lampstack-5.6.14-0/apps/relback/vendor/laravel/framework/src/Illuminate/Routing/Router.php(679): Illuminate\Routing\Router->runRouteWithinStack(Object(Illuminate\Routing\Route), Object(Illuminate\Http\Request))
#25 /opt/bitnami/lampstack-5.6.14-0/apps/relback/vendor/laravel/framework/src/Illuminate/Routing/Router.php(639): Illuminate\Routing\Router->dispatchToRoute(Object(Illuminate\Http\Request))
#26 /opt/bitnami/lampstack-5.6.14-0/apps/relback/vendor/laravel/framework/src/Illuminate/Foundation/Http/Kernel.php(236): Illuminate\Routing\Router->dispatch(Object(Illuminate\Http\Request))
#27 [internal function]: Illuminate\Foundation\Http\Kernel->Illuminate\Foundation\Http\{closure}(Object(Illuminate\Http\Request))
#28 /opt/bitnami/lampstack-5.6.14-0/apps/relback/vendor/laravel/framework/src/Illuminate/Pipeline/Pipeline.php(139): call_user_func(Object(Closure), Object(Illuminate\Http\Request))
#29 /opt/bitnami/lampstack-5.6.14-0/apps/relback/vendor/laravel/framework/src/Illuminate/Foundation/Http/Middleware/VerifyCsrfToken.php(50): Illuminate\Pipeline\Pipeline->Illuminate\Pipeline\{closure}(Object(Illuminate\Http\Request))
#30 [internal function]: Illuminate\Foundation\Http\Middleware\VerifyCsrfToken->handle(Object(Illuminate\Http\Request), Object(Closure))
#31 /opt/bitnami/lampstack-5.6.14-0/apps/relback/vendor/laravel/framework/src/Illuminate/Pipeline/Pipeline.php(124): call_user_func_array(Array, Array)
#32 /opt/bitnami/lampstack-5.6.14-0/apps/relback/vendor/laravel/framework/src/Illuminate/View/Middleware/ShareErrorsFromSession.php(49): Illuminate\Pipeline\Pipeline->Illuminate\Pipeline\{closure}(Object(Illuminate\Http\Request))
#33 [internal function]: Illuminate\View\Middleware\ShareErrorsFromSession->handle(Object(Illuminate\Http\Request), Object(Closure))
#34 /opt/bitnami/lampstack-5.6.14-0/apps/relback/vendor/laravel/framework/src/Illuminate/Pipeline/Pipeline.php(124): call_user_func_array(Array, Array)
#35 /opt/bitnami/lampstack-5.6.14-0/apps/relback/vendor/laravel/framework/src/Illuminate/Session/Middleware/StartSession.php(62): Illuminate\Pipeline\Pipeline->Illuminate\Pipeline\{closure}(Object(Illuminate\Http\Request))
#36 [internal function]: Illuminate\Session\Middleware\StartSession->handle(Object(Illuminate\Http\Request), Object(Closure))
#37 /opt/bitnami/lampstack-5.6.14-0/apps/relback/vendor/laravel/framework/src/Illuminate/Pipeline/Pipeline.php(124): call_user_func_array(Array, Array)
#38 /opt/bitnami/lampstack-5.6.14-0/apps/relback/vendor/laravel/framework/src/Illuminate/Cookie/Middleware/AddQueuedCookiesToResponse.php(37): Illuminate\Pipeline\Pipeline->Illuminate\Pipeline\{closure}(Object(Illuminate\Http\Request))
#39 [internal function]: Illuminate\Cookie\Middleware\AddQueuedCookiesToResponse->handle(Object(Illuminate\Http\Request), Object(Closure))
#40 /opt/bitnami/lampstack-5.6.14-0/apps/relback/vendor/laravel/framework/src/Illuminate/Pipeline/Pipeline.php(124): call_user_func_array(Array, Array)
#41 /opt/bitnami/lampstack-5.6.14-0/apps/relback/vendor/laravel/framework/src/Illuminate/Cookie/Middleware/EncryptCookies.php(59): Illuminate\Pipeline\Pipeline->Illuminate\Pipeline\{closure}(Object(Illuminate\Http\Request))
#42 [internal function]: Illuminate\Cookie\Middleware\EncryptCookies->handle(Object(Illuminate\Http\Request), Object(Closure))
#43 /opt/bitnami/lampstack-5.6.14-0/apps/relback/vendor/laravel/framework/src/Illuminate/Pipeline/Pipeline.php(124): call_user_func_array(Array, Array)
#44 /opt/bitnami/lampstack-5.6.14-0/apps/relback/vendor/laravel/framework/src/Illuminate/Foundation/Http/Middleware/CheckForMaintenanceMode.php(42): Illuminate\Pipeline\Pipeline->Illuminate\Pipeline\{closure}(Object(Illuminate\Http\Request))
#45 [internal function]: Illuminate\Foundation\Http\Middleware\CheckForMaintenanceMode->handle(Object(Illuminate\Http\Request), Object(Closure))
#46 /opt/bitnami/lampstack-5.6.14-0/apps/relback/vendor/laravel/framework/src/Illuminate/Pipeline/Pipeline.php(124): call_user_func_array(Array, Array)
#47 [internal function]: Illuminate\Pipeline\Pipeline->Illuminate\Pipeline\{closure}(Object(Illuminate\Http\Request))
#48 /opt/bitnami/lampstack-5.6.14-0/apps/relback/vendor/laravel/framework/src/Illuminate/Pipeline/Pipeline.php(103): call_user_func(Object(Closure), Object(Illuminate\Http\Request))
#49 /opt/bitnami/lampstack-5.6.14-0/apps/relback/vendor/laravel/framework/src/Illuminate/Foundation/Http/Kernel.php(122): Illuminate\Pipeline\Pipeline->then(Object(Closure))
#50 /opt/bitnami/lampstack-5.6.14-0/apps/relback/vendor/laravel/framework/src/Illuminate/Foundation/Http/Kernel.php(87): Illuminate\Foundation\Http\Kernel->sendRequestThroughRouter(Object(Illuminate\Http\Request))
#51 /opt/bitnami/lampstack-5.6.14-0/apps/relback/public/index.php(54): Illuminate\Foundation\Http\Kernel->handle(Object(Illuminate\Http\Request))
#52 /opt/bitnami/lampstack-5.6.14-0/apps/relback/server.php(21): require_once('/opt/bitnami/la...')
#53 {main}

Next exception 'ErrorException' with message 'Use of undefined constant row - assumed 'row' (View: /opt/bitnami/lampstack-5.6.14-0/apps/relback/resources/views/reports/reportsReadDefault.blade.php)' in /opt/bitnami/lampstack-5.6.14-0/apps/relback/storage/framework/views/82508b7545150528f78b2ac3ee63d745:62
Stack trace:
#0 /opt/bitnami/lampstack-5.6.14-0/apps/relback/vendor/laravel/framework/src/Illuminate/View/Engines/PhpEngine.php(44): Illuminate\View\Engines\CompilerEngine->handleViewException(Object(ErrorException), 1)
#1 /opt/bitnami/lampstack-5.6.14-0/apps/relback/vendor/laravel/framework/src/Illuminate/View/Engines/CompilerEngine.php(58): Illuminate\View\Engines\PhpEngine->evaluatePath('/opt/bitnami/la...', Array)
#2 /opt/bitnami/lampstack-5.6.14-0/apps/relback/vendor/laravel/framework/src/Illuminate/View/View.php(135): Illuminate\View\Engines\CompilerEngine->get('/opt/bitnami/la...', Array)
#3 /opt/bitnami/lampstack-5.6.14-0/apps/relback/vendor/laravel/framework/src/Illuminate/View/View.php(106): Illuminate\View\View->getContents()
#4 /opt/bitnami/lampstack-5.6.14-0/apps/relback/vendor/laravel/framework/src/Illuminate/View/View.php(80): Illuminate\View\View->renderContents()
#5 /opt/bitnami/lampstack-5.6.14-0/apps/relback/vendor/laravel/framework/src/Illuminate/Http/Response.php(51): Illuminate\View\View->render()
#6 /opt/bitnami/lampstack-5.6.14-0/apps/relback/vendor/symfony/http-foundation/Response.php(198): Illuminate\Http\Response->setContent(Object(Illuminate\View\View))
#7 /opt/bitnami/lampstack-5.6.14-0/apps/relback/vendor/laravel/framework/src/Illuminate/Routing/Router.php(1233): Symfony\Component\HttpFoundation\Response->__construct(Object(Illuminate\View\View))
#8 /opt/bitnami/lampstack-5.6.14-0/apps/relback/vendor/laravel/framework/src/Illuminate/Routing/ControllerDispatcher.php(113): Illuminate\Routing\Router->prepareResponse(Object(Illuminate\Http\Request), Object(Illuminate\View\View))
#9 [internal function]: Illuminate\Routing\ControllerDispatcher->Illuminate\Routing\{closure}(Object(Illuminate\Http\Request))
#10 /opt/bitnami/lampstack-5.6.14-0/apps/relback/vendor/laravel/framework/src/Illuminate/Pipeline/Pipeline.php(139): call_user_func(Object(Closure), Object(Illuminate\Http\Request))
#11 [internal function]: Illuminate\Pipeline\Pipeline->Illuminate\Pipeline\{closure}(Object(Illuminate\Http\Request))
#12 /opt/bitnami/lampstack-5.6.14-0/apps/relback/vendor/laravel/framework/src/Illuminate/Pipeline/Pipeline.php(103): call_user_func(Object(Closure), Object(Illuminate\Http\Request))
#13 /opt/bitnami/lampstack-5.6.14-0/apps/relback/vendor/laravel/framework/src/Illuminate/Routing/ControllerDispatcher.php(114): Illuminate\Pipeline\Pipeline->then(Object(Closure))
#14 /opt/bitnami/lampstack-5.6.14-0/apps/relback/vendor/laravel/framework/src/Illuminate/Routing/ControllerDispatcher.php(69): Illuminate\Routing\ControllerDispatcher->callWithinStack(Object(relback\Http\Controllers\ReportsController), Object(Illuminate\Routing\Route), Object(Illuminate\Http\Request), 'readDefault')
#15 /opt/bitnami/lampstack-5.6.14-0/apps/relback/vendor/laravel/framework/src/Illuminate/Routing/Route.php(203): Illuminate\Routing\ControllerDispatcher->dispatch(Object(Illuminate\Routing\Route), Object(Illuminate\Http\Request), 'relback\\Http\\Co...', 'readDefault')
#16 /opt/bitnami/lampstack-5.6.14-0/apps/relback/vendor/laravel/framework/src/Illuminate/Routing/Route.php(134): Illuminate\Routing\Route->runWithCustomDispatcher(Object(Illuminate\Http\Request))
#17 /opt/bitnami/lampstack-5.6.14-0/apps/relback/vendor/laravel/framework/src/Illuminate/Routing/Router.php(712): Illuminate\Routing\Route->run(Object(Illuminate\Http\Request))
#18 [internal function]: Illuminate\Routing\Router->Illuminate\Routing\{closure}(Object(Illuminate\Http\Request))
#19 /opt/bitnami/lampstack-5.6.14-0/apps/relback/vendor/laravel/framework/src/Illuminate/Pipeline/Pipeline.php(139): call_user_func(Object(Closure), Object(Illuminate\Http\Request))
#20 [internal function]: Illuminate\Pipeline\Pipeline->Illuminate\Pipeline\{closure}(Object(Illuminate\Http\Request))
#21 /opt/bitnami/lampstack-5.6.14-0/apps/relback/vendor/laravel/framework/src/Illuminate/Pipeline/Pipeline.php(103): call_user_func(Object(Closure), Object(Illuminate\Http\Request))
#22 /opt/bitnami/lampstack-5.6.14-0/apps/relback/vendor/laravel/framework/src/Illuminate/Routing/Router.php(714): Illuminate\Pipeline\Pipeline->then(Object(Closure))
#23 /opt/bitnami/lampstack-5.6.14-0/apps/relback/vendor/laravel/framework/src/Illuminate/Routing/Router.php(679): Illuminate\Routing\Router->runRouteWithinStack(Object(Illuminate\Routing\Route), Object(Illuminate\Http\Request))
#24 /opt/bitnami/lampstack-5.6.14-0/apps/relback/vendor/laravel/framework/src/Illuminate/Routing/Router.php(639): Illuminate\Routing\Router->dispatchToRoute(Object(Illuminate\Http\Request))
#25 /opt/bitnami/lampstack-5.6.14-0/apps/relback/vendor/laravel/framework/src/Illuminate/Foundation/Http/Kernel.php(236): Illuminate\Routing\Router->dispatch(Object(Illuminate\Http\Request))
#26 [internal function]: Illuminate\Foundation\Http\Kernel->Illuminate\Foundation\Http\{closure}(Object(Illuminate\Http\Request))
#27 /opt/bitnami/lampstack-5.6.14-0/apps/relback/vendor/laravel/framework/src/Illuminate/Pipeline/Pipeline.php(139): call_user_func(Object(Closure), Object(Illuminate\Http\Request))
#28 /opt/bitnami/lampstack-5.6.14-0/apps/relback/vendor/laravel/framework/src/Illuminate/Foundation/Http/Middleware/VerifyCsrfToken.php(50): Illuminate\Pipeline\Pipeline->Illuminate\Pipeline\{closure}(Object(Illuminate\Http\Request))
#29 [internal function]: Illuminate\Foundation\Http\Middleware\VerifyCsrfToken->handle(Object(Illuminate\Http\Request), Object(Closure))
#30 /opt/bitnami/lampstack-5.6.14-0/apps/relback/vendor/laravel/framework/src/Illuminate/Pipeline/Pipeline.php(124): call_user_func_array(Array, Array)
#31 /opt/bitnami/lampstack-5.6.14-0/apps/relback/vendor/laravel/framework/src/Illuminate/View/Middleware/ShareErrorsFromSession.php(49): Illuminate\Pipeline\Pipeline->Illuminate\Pipeline\{closure}(Object(Illuminate\Http\Request))
#32 [internal function]: Illuminate\View\Middleware\ShareErrorsFromSession->handle(Object(Illuminate\Http\Request), Object(Closure))
#33 /opt/bitnami/lampstack-5.6.14-0/apps/relback/vendor/laravel/framework/src/Illuminate/Pipeline/Pipeline.php(124): call_user_func_array(Array, Array)
#34 /opt/bitnami/lampstack-5.6.14-0/apps/relback/vendor/laravel/framework/src/Illuminate/Session/Middleware/StartSession.php(62): Illuminate\Pipeline\Pipeline->Illuminate\Pipeline\{closure}(Object(Illuminate\Http\Request))
#35 [internal function]: Illuminate\Session\Middleware\StartSession->handle(Object(Illuminate\Http\Request), Object(Closure))
#36 /opt/bitnami/lampstack-5.6.14-0/apps/relback/vendor/laravel/framework/src/Illuminate/Pipeline/Pipeline.php(124): call_user_func_array(Array, Array)
#37 /opt/bitnami/lampstack-5.6.14-0/apps/relback/vendor/laravel/framework/src/Illuminate/Cookie/Middleware/AddQueuedCookiesToResponse.php(37): Illuminate\Pipeline\Pipeline->Illuminate\Pipeline\{closure}(Object(Illuminate\Http\Request))
#38 [internal function]: Illuminate\Cookie\Middleware\AddQueuedCookiesToResponse->handle(Object(Illuminate\Http\Request), Object(Closure))
#39 /opt/bitnami/lampstack-5.6.14-0/apps/relback/vendor/laravel/framework/src/Illuminate/Pipeline/Pipeline.php(124): call_user_func_array(Array, Array)
#40 /opt/bitnami/lampstack-5.6.14-0/apps/relback/vendor/laravel/framework/src/Illuminate/Cookie/Middleware/EncryptCookies.php(59): Illuminate\Pipeline\Pipeline->Illuminate\Pipeline\{closure}(Object(Illuminate\Http\Request))
#41 [internal function]: Illuminate\Cookie\Middleware\EncryptCookies->handle(Object(Illuminate\Http\Request), Object(Closure))
#42 /opt/bitnami/lampstack-5.6.14-0/apps/relback/vendor/laravel/framework/src/Illuminate/Pipeline/Pipeline.php(124): call_user_func_array(Array, Array)
#43 /opt/bitnami/lampstack-5.6.14-0/apps/relback/vendor/laravel/framework/src/Illuminate/Foundation/Http/Middleware/CheckForMaintenanceMode.php(42): Illuminate\Pipeline\Pipeline->Illuminate\Pipeline\{closure}(Object(Illuminate\Http\Request))
#44 [internal function]: Illuminate\Foundation\Http\Middleware\CheckForMaintenanceMode->handle(Object(Illuminate\Http\Request), Object(Closure))
#45 /opt/bitnami/lampstack-5.6.14-0/apps/relback/vendor/laravel/framework/src/Illuminate/Pipeline/Pipeline.php(124): call_user_func_array(Array, Array)
#46 [internal function]: Illuminate\Pipeline\Pipeline->Illuminate\Pipeline\{closure}(Object(Illuminate\Http\Request))
#47 /opt/bitnami/lampstack-5.6.14-0/apps/relback/vendor/laravel/framework/src/Illuminate/Pipeline/Pipeline.php(103): call_user_func(Object(Closure), Object(Illuminate\Http\Request))
#48 /opt/bitnami/lampstack-5.6.14-0/apps/relback/vendor/laravel/framework/src/Illuminate/Foundation/Http/Kernel.php(122): Illuminate\Pipeline\Pipeline->then(Object(Closure))
#49 /opt/bitnami/lampstack-5.6.14-0/apps/relback/vendor/laravel/framework/src/Illuminate/Foundation/Http/Kernel.php(87): Illuminate\Foundation\Http\Kernel->sendRequestThroughRouter(Object(Illuminate\Http\Request))
#50 /opt/bitnami/lampstack-5.6.14-0/apps/relback/public/index.php(54): Illuminate\Foundation\Http\Kernel->handle(Object(Illuminate\Http\Request))
#51 /opt/bitnami/lampstack-5.6.14-0/apps/relback/server.php(21): require_once('/opt/bitnami/la...')
#52 {main}  
